[debug] [2024-08-08T20:56:35.989Z] ----------------------------------------------------------------------
[debug] [2024-08-08T20:56:35.991Z] Command:       /Users/jasminemeyer/.nvm/versions/node/v22.3.0/bin/node /Users/jasminemeyer/.nvm/versions/node/v22.3.0/bin/firebase login
[debug] [2024-08-08T20:56:35.991Z] CLI Version:   13.15.0
[debug] [2024-08-08T20:56:35.991Z] Platform:      darwin
[debug] [2024-08-08T20:56:35.991Z] Node Version:  v22.3.0
[debug] [2024-08-08T20:56:35.992Z] Time:          Thu Aug 08 2024 16:56:35 GMT-0400 (Eastern Daylight Time)
[debug] [2024-08-08T20:56:35.992Z] ----------------------------------------------------------------------
[debug] 
[debug] [2024-08-08T20:56:35.993Z] >>> [apiv2][query] GET https://firebase-public.firebaseio.com/cli.json [none]
[info] i  Firebase optionally collects CLI and Emulator Suite usage and error reporting information to help improve our products. Data is collected in accordance with Google's privacy policy (https://policies.google.com/privacy) and is not used to identify you.
 
[debug] [2024-08-08T20:56:36.154Z] <<< [apiv2][status] GET https://firebase-public.firebaseio.com/cli.json 200
[debug] [2024-08-08T20:56:36.154Z] <<< [apiv2][body] GET https://firebase-public.firebaseio.com/cli.json {"cloudBuildErrorAfter":1594252800000,"cloudBuildWarnAfter":1590019200000,"defaultNode10After":1594252800000,"minVersion":"3.0.5","node8DeploysDisabledAfter":1613390400000,"node8RuntimeDisabledAfter":1615809600000,"node8WarnAfter":1600128000000}
[warn] ⚠  Unable to fetch the CLI MOTD and remote config. This is not a fatal error, but may indicate an issue with your network connection. 
[debug] [2024-08-08T20:56:36.154Z] Failed to fetch MOTD Error: EACCES: permission denied, mkdir '/Users/jasminemeyer/.config/configstore'
You don't have access to this file.

[debug] [2024-08-08T21:24:06.096Z] Error: EACCES: permission denied, mkdir '/Users/jasminemeyer/.config/configstore'
You don't have access to this file.

    at Object.mkdirSync (node:fs:1374:26)
    at module.exports.sync (/Users/jasminemeyer/.nvm/versions/node/v22.3.0/lib/node_modules/firebase-tools/node_modules/make-dir/index.js:114:6)
    at set all (/Users/jasminemeyer/.nvm/versions/node/v22.3.0/lib/node_modules/firebase-tools/node_modules/configstore/index.js:59:12)
    at Configstore.set (/Users/jasminemeyer/.nvm/versions/node/v22.3.0/lib/node_modules/firebase-tools/node_modules/configstore/index.js:91:12)
    at Command.actionFn (/Users/jasminemeyer/.nvm/versions/node/v22.3.0/lib/node_modules/firebase-tools/lib/commands/login.js:36:35)
    at process.processTicksAndRejections (node:internal/process/task_queues:95:5)
[error] 
[error] Error: An unexpected error has occurred.
[debug] [2024-08-08T21:24:06.363Z] Error: EACCES: permission denied, mkdir '/Users/jasminemeyer/.config/configstore'
You don't have access to this file.

    at Object.mkdirSync (node:fs:1374:26)
    at module.exports.sync (/Users/jasminemeyer/.nvm/versions/node/v22.3.0/lib/node_modules/firebase-tools/node_modules/make-dir/index.js:114:6)
    at set all (/Users/jasminemeyer/.nvm/versions/node/v22.3.0/lib/node_modules/firebase-tools/node_modules/configstore/index.js:59:12)
    at Configstore.set (/Users/jasminemeyer/.nvm/versions/node/v22.3.0/lib/node_modules/firebase-tools/node_modules/configstore/index.js:91:12)
    at process.<anonymous> (/Users/jasminemeyer/.nvm/versions/node/v22.3.0/lib/node_modules/firebase-tools/lib/bin/firebase.js:100:35)
    at process.emit (node:events:532:35)
    at process.emit (node:domain:488:12)
    at process.exit (node:internal/process/per_thread:182:15)
    at Timeout._onTimeout (/Users/jasminemeyer/.nvm/versions/node/v22.3.0/lib/node_modules/firebase-tools/lib/errorOut.js:20:17)
    at listOnTimeout (node:internal/timers:573:17)
[error] 
[error] Error: An unexpected error has occurred.
